19-Jul-2016 21:32:22.272 INFO [main] org.apache.catalina.startup.VersionLoggerListener.log Server version:        Apache Tomcat/8.0.33
19-Jul-2016 21:32:22.276 INFO [main] org.apache.catalina.startup.VersionLoggerListener.log Server built:          Mar 18 2016 20:31:49 UTC
19-Jul-2016 21:32:22.277 INFO [main] org.apache.catalina.startup.VersionLoggerListener.log Server number:         8.0.33.0
19-Jul-2016 21:32:22.278 INFO [main] org.apache.catalina.startup.VersionLoggerListener.log OS Name:               Linux
19-Jul-2016 21:32:22.278 INFO [main] org.apache.catalina.startup.VersionLoggerListener.log OS Version:            4.4.15-moby
19-Jul-2016 21:32:22.279 INFO [main] org.apache.catalina.startup.VersionLoggerListener.log Architecture:          amd64
19-Jul-2016 21:32:22.280 INFO [main] org.apache.catalina.startup.VersionLoggerListener.log Java Home:             /opt/atlassian/jira/jre
19-Jul-2016 21:32:22.281 INFO [main] org.apache.catalina.startup.VersionLoggerListener.log JVM Version:           1.8.0_74-b02
19-Jul-2016 21:32:22.282 INFO [main] org.apache.catalina.startup.VersionLoggerListener.log JVM Vendor:            Oracle Corporation
19-Jul-2016 21:32:22.282 INFO [main] org.apache.catalina.startup.VersionLoggerListener.log CATALINA_BASE:         /opt/atlassian/jira
19-Jul-2016 21:32:22.283 INFO [main] org.apache.catalina.startup.VersionLoggerListener.log CATALINA_HOME:         /opt/atlassian/jira
19-Jul-2016 21:32:22.284 INFO [main] org.apache.catalina.startup.VersionLoggerListener.log Command line argument: -Djava.util.logging.config.file=/opt/atlassian/jira/conf/logging.properties
19-Jul-2016 21:32:22.285 INFO [main] org.apache.catalina.startup.VersionLoggerListener.log Command line argument: -Djava.util.logging.manager=org.apache.juli.ClassLoaderLogManager
19-Jul-2016 21:32:22.286 INFO [main] org.apache.catalina.startup.VersionLoggerListener.log Command line argument: -Xms384m
19-Jul-2016 21:32:22.287 INFO [main] org.apache.catalina.startup.VersionLoggerListener.log Command line argument: -Xmx768m
19-Jul-2016 21:32:22.288 INFO [main] org.apache.catalina.startup.VersionLoggerListener.log Command line argument: -Djava.awt.headless=true
19-Jul-2016 21:32:22.289 INFO [main] org.apache.catalina.startup.VersionLoggerListener.log Command line argument: -Datlassian.standalone=JIRA
19-Jul-2016 21:32:22.289 INFO [main] org.apache.catalina.startup.VersionLoggerListener.log Command line argument: -Dorg.apache.jasper.runtime.BodyContentImpl.LIMIT_BUFFER=true
19-Jul-2016 21:32:22.290 INFO [main] org.apache.catalina.startup.VersionLoggerListener.log Command line argument: -Dmail.mime.decodeparameters=true
19-Jul-2016 21:32:22.291 INFO [main] org.apache.catalina.startup.VersionLoggerListener.log Command line argument: -Dorg.dom4j.factory=com.atlassian.core.xml.InterningDocumentFactory
19-Jul-2016 21:32:22.292 INFO [main] org.apache.catalina.startup.VersionLoggerListener.log Command line argument: -XX:+PrintGCDateStamps
19-Jul-2016 21:32:22.293 INFO [main] org.apache.catalina.startup.VersionLoggerListener.log Command line argument: -XX:-OmitStackTraceInFastThrow
19-Jul-2016 21:32:22.294 INFO [main] org.apache.catalina.startup.VersionLoggerListener.log Command line argument: -Djava.endorsed.dirs=/opt/atlassian/jira/endorsed
19-Jul-2016 21:32:22.294 INFO [main] org.apache.catalina.startup.VersionLoggerListener.log Command line argument: -Dcatalina.base=/opt/atlassian/jira
19-Jul-2016 21:32:22.295 INFO [main] org.apache.catalina.startup.VersionLoggerListener.log Command line argument: -Dcatalina.home=/opt/atlassian/jira
19-Jul-2016 21:32:22.296 INFO [main] org.apache.catalina.startup.VersionLoggerListener.log Command line argument: -Djava.io.tmpdir=/opt/atlassian/jira/temp
19-Jul-2016 21:32:22.299 INFO [main] org.apache.catalina.core.AprLifecycleListener.lifecycleEvent The APR based Apache Tomcat Native library which allows optimal performance in production environments was not found on the java.library.path: /usr/java/packages/lib/amd64:/usr/lib64:/lib64:/lib:/usr/lib
19-Jul-2016 21:32:23.214 INFO [main] org.apache.coyote.AbstractProtocol.init Initializing ProtocolHandler ["http-nio-8080"]
19-Jul-2016 21:32:23.283 INFO [main] org.apache.tomcat.util.net.NioSelectorPool.getSharedSelector Using a shared selector for servlet write/read
19-Jul-2016 21:32:23.291 INFO [main] org.apache.catalina.startup.Catalina.load Initialization processed in 2223 ms
19-Jul-2016 21:32:23.331 INFO [main] org.apache.catalina.core.StandardService.startInternal Starting service Catalina
19-Jul-2016 21:32:23.332 INFO [main] org.apache.catalina.core.StandardEngine.startInternal Starting Servlet Engine: Apache Tomcat/8.0.33
